<?xml version="1.0" encoding="UTF-8"?>
<!-- Generated by org.testng.reporters.JUnitXMLReporter -->
<testsuite hostname="DESKTOP-VM51J5Q" ignored="0" name="Launch Page Test Cases" tests="7" failures="0" timestamp="29 Oct 2019 07:18:31 GMT" time="74.954" errors="0">
  <testcase name="selectCategory" time="5.695" classname="com.test.testcases.ShoppingCartTest"/>
  <testcase name="addDressToCart" time="10.981" classname="com.test.testcases.ShoppingCartTest"/>
  <testcase name="enterEmailAndSubmit" time="1.103" classname="com.test.testcases.ShoppingCartTest"/>
  <testcase name="validateCreateNewAccount" time="2.7" classname="com.test.testcases.ShoppingCartTest"/>
  <testcase name="submitInfo" time="1.241" classname="com.test.testcases.ShoppingCartTest"/>
  <testcase name="agreeTermsOfService" time="17.579" classname="com.test.testcases.ShoppingCartTest"/>
  <testcase name="verifyOrder" time="0.174" classname="com.test.testcases.ShoppingCartTest"/>
</testsuite> <!-- Launch Page Test Cases -->
