<?xml version="1.0" encoding="UTF-8"?>
<testng-results skipped="0" failed="0" ignored="0" total="7" passed="7">
  <reporter-output>
  </reporter-output>
  <suite name="Shopping Cart Automation Test Suite" duration-ms="74954" started-at="2019-10-29T07:17:15Z" finished-at="2019-10-29T07:18:30Z">
    <groups>
    </groups>
    <test name="Launch Page Test Cases" duration-ms="74954" started-at="2019-10-29T07:17:15Z" finished-at="2019-10-29T07:18:30Z">
      <class name="com.test.testcases.ShoppingCartTest">
        <test-method status="PASS" signature="setUp()[pri:0, instance:com.test.testcases.ShoppingCartTest@7dc7cbad]" name="setUp" is-config="true" duration-ms="25523" started-at="2019-10-29T07:17:15Z" finished-at="2019-10-29T07:17:40Z">
          <reporter-output>
          </reporter-output>
        </test-method> <!-- setUp -->
        <test-method status="PASS" signature="selectCategory()[pri:1, instance:com.test.testcases.ShoppingCartTest@7dc7cbad]" name="selectCategory" duration-ms="5695" started-at="2019-10-29T07:17:40Z" finished-at="2019-10-29T07:17:46Z">
          <reporter-output>
          </reporter-output>
        </test-method> <!-- selectCategory -->
        <test-method status="PASS" signature="addDressToCart()[pri:2, instance:com.test.testcases.ShoppingCartTest@7dc7cbad]" name="addDressToCart" duration-ms="10981" started-at="2019-10-29T07:17:46Z" finished-at="2019-10-29T07:17:57Z">
          <reporter-output>
          </reporter-output>
        </test-method> <!-- addDressToCart -->
        <test-method status="PASS" signature="enterEmailAndSubmit()[pri:3, instance:com.test.testcases.ShoppingCartTest@7dc7cbad]" name="enterEmailAndSubmit" duration-ms="1103" started-at="2019-10-29T07:17:57Z" finished-at="2019-10-29T07:17:58Z">
          <reporter-output>
          </reporter-output>
        </test-method> <!-- enterEmailAndSubmit -->
        <test-method status="PASS" signature="validateCreateNewAccount(java.lang.String, java.lang.String, java.lang.String, java.lang.String, java.lang.String, java.lang.String, java.lang.String, java.lang.String)[pri:4, instance:com.test.testcases.ShoppingCartTest@7dc7cbad]" name="validateCreateNewAccount" duration-ms="2700" started-at="2019-10-29T07:18:08Z" data-provider="getAccountTestData" finished-at="2019-10-29T07:18:11Z">
          <params>
            <param index="0">
              <value>
                <![CDATA[helloFirst]]>
              </value>
            </param>
            <param index="1">
              <value>
                <![CDATA[helloLast]]>
              </value>
            </param>
            <param index="2">
              <value>
                <![CDATA[qwerty@119]]>
              </value>
            </param>
            <param index="3">
              <value>
                <![CDATA[testAddress]]>
              </value>
            </param>
            <param index="4">
              <value>
                <![CDATA[testCity]]>
              </value>
            </param>
            <param index="5">
              <value>
                <![CDATA[90022]]>
              </value>
            </param>
            <param index="6">
              <value>
                <![CDATA[4372453989]]>
              </value>
            </param>
            <param index="7">
              <value>
                <![CDATA[qwerty@gmail.com]]>
              </value>
            </param>
          </params>
          <reporter-output>
          </reporter-output>
        </test-method> <!-- validateCreateNewAccount -->
        <test-method status="PASS" signature="submitInfo()[pri:5, instance:com.test.testcases.ShoppingCartTest@7dc7cbad]" name="submitInfo" duration-ms="1241" started-at="2019-10-29T07:18:11Z" finished-at="2019-10-29T07:18:12Z">
          <reporter-output>
          </reporter-output>
        </test-method> <!-- submitInfo -->
        <test-method status="PASS" signature="agreeTermsOfService()[pri:6, instance:com.test.testcases.ShoppingCartTest@7dc7cbad]" name="agreeTermsOfService" duration-ms="17579" started-at="2019-10-29T07:18:12Z" finished-at="2019-10-29T07:18:29Z">
          <reporter-output>
          </reporter-output>
        </test-method> <!-- agreeTermsOfService -->
        <test-method status="PASS" signature="verifyOrder()[pri:7, instance:com.test.testcases.ShoppingCartTest@7dc7cbad]" name="verifyOrder" duration-ms="174" started-at="2019-10-29T07:18:29Z" finished-at="2019-10-29T07:18:30Z">
          <reporter-output>
          </reporter-output>
        </test-method> <!-- verifyOrder -->
      </class> <!-- com.test.testcases.ShoppingCartTest -->
    </test> <!-- Launch Page Test Cases -->
  </suite> <!-- Shopping Cart Automation Test Suite -->
</testng-results>
