<?xml version="1.0" encoding="UTF-8"?>
<testng-results skipped="0" failed="0" ignored="0" total="7" passed="7">
  <reporter-output>
  </reporter-output>
  <suite name="Shopping Cart Automation Test Suite" duration-ms="64271" started-at="2019-10-29T03:23:20 EDT" finished-at="2019-10-29T03:24:24 EDT">
    <groups>
    </groups>
    <test name="Launch Page Test Cases" duration-ms="64271" started-at="2019-10-29T03:23:20 EDT" finished-at="2019-10-29T03:24:24 EDT">
      <class name="com.test.testcases.ShoppingCartTest">
        <test-method status="PASS" signature="setUp()[pri:0, instance:com.test.testcases.ShoppingCartTest@42d8062c]" name="setUp" is-config="true" duration-ms="21326" started-at="2019-10-29T03:23:20 EDT" finished-at="2019-10-29T03:23:41 EDT">
          <reporter-output>
          </reporter-output>
        </test-method> <!-- setUp -->
        <test-method status="PASS" signature="selectCategory()[pri:1, instance:com.test.testcases.ShoppingCartTest@42d8062c]" name="selectCategory" duration-ms="1737" started-at="2019-10-29T03:23:41 EDT" finished-at="2019-10-29T03:23:43 EDT">
          <reporter-output>
          </reporter-output>
        </test-method> <!-- selectCategory -->
        <test-method status="PASS" signature="addDressToCart()[pri:2, instance:com.test.testcases.ShoppingCartTest@42d8062c]" name="addDressToCart" duration-ms="9582" started-at="2019-10-29T03:23:43 EDT" finished-at="2019-10-29T03:23:52 EDT">
          <reporter-output>
          </reporter-output>
        </test-method> <!-- addDressToCart -->
        <test-method status="PASS" signature="enterEmailAndSubmit()[pri:3, instance:com.test.testcases.ShoppingCartTest@42d8062c]" name="enterEmailAndSubmit" duration-ms="786" started-at="2019-10-29T03:23:52 EDT" finished-at="2019-10-29T03:23:53 EDT">
          <reporter-output>
          </reporter-output>
        </test-method> <!-- enterEmailAndSubmit -->
        <test-method status="PASS" signature="validateCreateNewAccount(java.lang.String, java.lang.String, java.lang.String, java.lang.String, java.lang.String, java.lang.String, java.lang.String, java.lang.String)[pri:4, instance:com.test.testcases.ShoppingCartTest@42d8062c]" name="validateCreateNewAccount" duration-ms="2329" started-at="2019-10-29T03:24:01 EDT" data-provider="getAccountTestData" finished-at="2019-10-29T03:24:04 EDT">
          <params>
            <param index="0">
              <value>
                <![CDATA[helloFirst]]>
              </value>
            </param>
            <param index="1">
              <value>
                <![CDATA[helloLast]]>
              </value>
            </param>
            <param index="2">
              <value>
                <![CDATA[qwerty@119]]>
              </value>
            </param>
            <param index="3">
              <value>
                <![CDATA[testAddress]]>
              </value>
            </param>
            <param index="4">
              <value>
                <![CDATA[testCity]]>
              </value>
            </param>
            <param index="5">
              <value>
                <![CDATA[90022]]>
              </value>
            </param>
            <param index="6">
              <value>
                <![CDATA[4372453989]]>
              </value>
            </param>
            <param index="7">
              <value>
                <![CDATA[qwerty@gmail.com]]>
              </value>
            </param>
          </params>
          <reporter-output>
          </reporter-output>
        </test-method> <!-- validateCreateNewAccount -->
        <test-method status="PASS" signature="submitInfo()[pri:5, instance:com.test.testcases.ShoppingCartTest@42d8062c]" name="submitInfo" duration-ms="1455" started-at="2019-10-29T03:24:04 EDT" finished-at="2019-10-29T03:24:05 EDT">
          <reporter-output>
          </reporter-output>
        </test-method> <!-- submitInfo -->
        <test-method status="PASS" signature="agreeTermsOfService()[pri:6, instance:com.test.testcases.ShoppingCartTest@42d8062c]" name="agreeTermsOfService" duration-ms="17337" started-at="2019-10-29T03:24:05 EDT" finished-at="2019-10-29T03:24:23 EDT">
          <reporter-output>
          </reporter-output>
        </test-method> <!-- agreeTermsOfService -->
        <test-method status="PASS" signature="verifyOrder()[pri:7, instance:com.test.testcases.ShoppingCartTest@42d8062c]" name="verifyOrder" duration-ms="180" started-at="2019-10-29T03:24:23 EDT" finished-at="2019-10-29T03:24:23 EDT">
          <reporter-output>
          </reporter-output>
        </test-method> <!-- verifyOrder -->
        <test-method status="PASS" signature="endTest()[pri:0, instance:com.test.testcases.ShoppingCartTest@42d8062c]" name="endTest" is-config="true" duration-ms="1071" started-at="2019-10-29T03:24:23 EDT" finished-at="2019-10-29T03:24:24 EDT">
          <reporter-output>
          </reporter-output>
        </test-method> <!-- endTest -->
      </class> <!-- com.test.testcases.ShoppingCartTest -->
    </test> <!-- Launch Page Test Cases -->
  </suite> <!-- Shopping Cart Automation Test Suite -->
</testng-results>
